INFO [2023-01-30 13:17:21] $x
INFO [2023-01-30 13:17:21] list(S1 = cnv_chr8_venn %>% filter(unique == "S1") %>% select(plot) %>% 
INFO [2023-01-30 13:17:21]     unlist(), L1 = cnv_chr8_venn %>% filter(unique == "L1") %>% 
INFO [2023-01-30 13:17:21]     select(plot) %>% unlist())
INFO [2023-01-30 13:17:21] 
INFO [2023-01-30 13:17:21] $category.names
INFO [2023-01-30 13:17:21] c("Both", "S1", "L1")
INFO [2023-01-30 13:17:21] 
INFO [2023-01-30 13:17:21] $filename
INFO [2023-01-30 13:17:21] [1] "figures/L1S1_genecontent.png"
INFO [2023-01-30 13:17:21] 
INFO [2023-01-30 13:17:21] $output
INFO [2023-01-30 13:17:21] [1] TRUE
INFO [2023-01-30 13:17:21] 
INFO [2023-01-30 13:17:21] $imagetype
INFO [2023-01-30 13:17:21] [1] "png"
INFO [2023-01-30 13:17:21] 
INFO [2023-01-30 13:17:21] $height
INFO [2023-01-30 13:17:21] [1] 480
INFO [2023-01-30 13:17:21] 
INFO [2023-01-30 13:17:21] $width
INFO [2023-01-30 13:17:21] [1] 480
INFO [2023-01-30 13:17:21] 
INFO [2023-01-30 13:17:21] $resolution
INFO [2023-01-30 13:17:21] [1] 300
INFO [2023-01-30 13:17:21] 
INFO [2023-01-30 13:17:21] $compression
INFO [2023-01-30 13:17:21] [1] "lzw"
INFO [2023-01-30 13:17:21] 
INFO [2023-01-30 13:17:21] $lwd
INFO [2023-01-30 13:17:21] [1] 1
INFO [2023-01-30 13:17:21] 
INFO [2023-01-30 13:17:21] $col
INFO [2023-01-30 13:17:21] c("#440154ff", "#21908dff", "#fde725ff")
INFO [2023-01-30 13:17:21] 
INFO [2023-01-30 13:17:21] $fill
INFO [2023-01-30 13:17:21] c(alpha("#440154ff", 0.3), alpha("#21908dff", 0.3), alpha("#fde725ff", 
INFO [2023-01-30 13:17:21]     0.3))
INFO [2023-01-30 13:17:21] 
INFO [2023-01-30 13:17:21] $cex
INFO [2023-01-30 13:17:21] [1] 0.5
INFO [2023-01-30 13:17:21] 
INFO [2023-01-30 13:17:21] $fontfamily
INFO [2023-01-30 13:17:21] [1] "sans"
INFO [2023-01-30 13:17:21] 
INFO [2023-01-30 13:17:21] $cat.cex
INFO [2023-01-30 13:17:21] [1] 0.3
INFO [2023-01-30 13:17:21] 
INFO [2023-01-30 13:17:21] $cat.default.pos
INFO [2023-01-30 13:17:21] [1] "outer"
INFO [2023-01-30 13:17:21] 
INFO [2023-01-30 13:17:21] $cat.pos
INFO [2023-01-30 13:17:21] c(-27, 27, 135)
INFO [2023-01-30 13:17:21] 
INFO [2023-01-30 13:17:21] $cat.dist
INFO [2023-01-30 13:17:21] c(0.055, 0.055, 0.085)
INFO [2023-01-30 13:17:21] 
INFO [2023-01-30 13:17:21] $cat.fontfamily
INFO [2023-01-30 13:17:21] [1] "sans"
INFO [2023-01-30 13:17:21] 
INFO [2023-01-30 13:17:21] $cat.col
INFO [2023-01-30 13:17:21] c("#440154ff", "#21908dff", "#fde725ff")
INFO [2023-01-30 13:17:21] 
INFO [2023-01-30 13:17:21] $rotation
INFO [2023-01-30 13:17:21] [1] 1
INFO [2023-01-30 13:17:21] 
