INFO [2023-01-30 13:18:02] $x
INFO [2023-01-30 13:18:02] list(S1 = cnv_chr8_venn %>% filter(unique == "S1") %>% select(plot) %>% 
INFO [2023-01-30 13:18:02]     unlist(), L1 = cnv_chr8_venn %>% filter(unique == "L1") %>% 
INFO [2023-01-30 13:18:02]     select(plot) %>% unlist())
INFO [2023-01-30 13:18:02] 
INFO [2023-01-30 13:18:02] $category.names
INFO [2023-01-30 13:18:02] c("S1", "L1")
INFO [2023-01-30 13:18:02] 
INFO [2023-01-30 13:18:02] $filename
INFO [2023-01-30 13:18:02] [1] "figures/L1S1_genecontent.png"
INFO [2023-01-30 13:18:02] 
INFO [2023-01-30 13:18:02] $output
INFO [2023-01-30 13:18:02] [1] TRUE
INFO [2023-01-30 13:18:02] 
INFO [2023-01-30 13:18:02] $imagetype
INFO [2023-01-30 13:18:02] [1] "png"
INFO [2023-01-30 13:18:02] 
INFO [2023-01-30 13:18:02] $height
INFO [2023-01-30 13:18:02] [1] 480
INFO [2023-01-30 13:18:02] 
INFO [2023-01-30 13:18:02] $width
INFO [2023-01-30 13:18:02] [1] 480
INFO [2023-01-30 13:18:02] 
INFO [2023-01-30 13:18:02] $resolution
INFO [2023-01-30 13:18:02] [1] 300
INFO [2023-01-30 13:18:02] 
INFO [2023-01-30 13:18:02] $compression
INFO [2023-01-30 13:18:02] [1] "lzw"
INFO [2023-01-30 13:18:02] 
INFO [2023-01-30 13:18:02] $lwd
INFO [2023-01-30 13:18:02] [1] 1
INFO [2023-01-30 13:18:02] 
INFO [2023-01-30 13:18:02] $col
INFO [2023-01-30 13:18:02] c("#440154ff", "#21908dff")
INFO [2023-01-30 13:18:02] 
INFO [2023-01-30 13:18:02] $fill
INFO [2023-01-30 13:18:02] c(alpha("#440154ff", 0.3), alpha("#21908dff", 0.3))
INFO [2023-01-30 13:18:02] 
INFO [2023-01-30 13:18:02] $cex
INFO [2023-01-30 13:18:02] [1] 0.5
INFO [2023-01-30 13:18:02] 
INFO [2023-01-30 13:18:02] $fontfamily
INFO [2023-01-30 13:18:02] [1] "sans"
INFO [2023-01-30 13:18:02] 
INFO [2023-01-30 13:18:02] $cat.cex
INFO [2023-01-30 13:18:02] [1] 0.3
INFO [2023-01-30 13:18:02] 
INFO [2023-01-30 13:18:02] $cat.default.pos
INFO [2023-01-30 13:18:02] [1] "outer"
INFO [2023-01-30 13:18:02] 
INFO [2023-01-30 13:18:02] $cat.pos
INFO [2023-01-30 13:18:02] c(-27, 27, 135)
INFO [2023-01-30 13:18:02] 
INFO [2023-01-30 13:18:02] $cat.dist
INFO [2023-01-30 13:18:02] c(0.055, 0.055, 0.085)
INFO [2023-01-30 13:18:02] 
INFO [2023-01-30 13:18:02] $cat.fontfamily
INFO [2023-01-30 13:18:02] [1] "sans"
INFO [2023-01-30 13:18:02] 
INFO [2023-01-30 13:18:02] $cat.col
INFO [2023-01-30 13:18:02] c("#440154ff", "#21908dff")
INFO [2023-01-30 13:18:02] 
INFO [2023-01-30 13:18:02] $rotation
INFO [2023-01-30 13:18:02] [1] 1
INFO [2023-01-30 13:18:02] 
