INFO [2023-01-30 13:21:59] $x
INFO [2023-01-30 13:21:59] list(S1 = cnv_chr8_venn %>% filter(unique == "S1") %>% unlist(), 
INFO [2023-01-30 13:21:59]     L1 = cnv_chr8_venn %>% filter(unique == "L1") %>% unlist())
INFO [2023-01-30 13:21:59] 
INFO [2023-01-30 13:21:59] $category.names
INFO [2023-01-30 13:21:59] c("S1", "L1")
INFO [2023-01-30 13:21:59] 
INFO [2023-01-30 13:21:59] $filename
INFO [2023-01-30 13:21:59] [1] "figures/L1S1_genecontent.png"
INFO [2023-01-30 13:21:59] 
INFO [2023-01-30 13:21:59] $output
INFO [2023-01-30 13:21:59] [1] TRUE
INFO [2023-01-30 13:21:59] 
INFO [2023-01-30 13:21:59] $imagetype
INFO [2023-01-30 13:21:59] [1] "png"
INFO [2023-01-30 13:21:59] 
INFO [2023-01-30 13:21:59] $height
INFO [2023-01-30 13:21:59] [1] 480
INFO [2023-01-30 13:21:59] 
INFO [2023-01-30 13:21:59] $width
INFO [2023-01-30 13:21:59] [1] 480
INFO [2023-01-30 13:21:59] 
INFO [2023-01-30 13:21:59] $resolution
INFO [2023-01-30 13:21:59] [1] 300
INFO [2023-01-30 13:21:59] 
INFO [2023-01-30 13:21:59] $compression
INFO [2023-01-30 13:21:59] [1] "lzw"
INFO [2023-01-30 13:21:59] 
INFO [2023-01-30 13:21:59] $lwd
INFO [2023-01-30 13:21:59] [1] 1
INFO [2023-01-30 13:21:59] 
INFO [2023-01-30 13:21:59] $col
INFO [2023-01-30 13:21:59] c("#440154ff", "#21908dff")
INFO [2023-01-30 13:21:59] 
INFO [2023-01-30 13:21:59] $fill
INFO [2023-01-30 13:21:59] c(alpha("#440154ff", 0.3), alpha("#21908dff", 0.3))
INFO [2023-01-30 13:21:59] 
INFO [2023-01-30 13:21:59] $cex
INFO [2023-01-30 13:21:59] [1] 0.5
INFO [2023-01-30 13:21:59] 
INFO [2023-01-30 13:21:59] $fontfamily
INFO [2023-01-30 13:21:59] [1] "sans"
INFO [2023-01-30 13:21:59] 
INFO [2023-01-30 13:21:59] $cat.cex
INFO [2023-01-30 13:21:59] [1] 0.3
INFO [2023-01-30 13:21:59] 
INFO [2023-01-30 13:21:59] $cat.default.pos
INFO [2023-01-30 13:21:59] [1] "outer"
INFO [2023-01-30 13:21:59] 
INFO [2023-01-30 13:21:59] $cat.pos
INFO [2023-01-30 13:21:59] c(-27, 27, 135)
INFO [2023-01-30 13:21:59] 
INFO [2023-01-30 13:21:59] $cat.dist
INFO [2023-01-30 13:21:59] c(0.055, 0.055, 0.085)
INFO [2023-01-30 13:21:59] 
INFO [2023-01-30 13:21:59] $cat.fontfamily
INFO [2023-01-30 13:21:59] [1] "sans"
INFO [2023-01-30 13:21:59] 
INFO [2023-01-30 13:21:59] $cat.col
INFO [2023-01-30 13:21:59] c("#440154ff", "#21908dff")
INFO [2023-01-30 13:21:59] 
INFO [2023-01-30 13:21:59] $rotation
INFO [2023-01-30 13:21:59] [1] 1
INFO [2023-01-30 13:21:59] 
ERROR [2023-01-30 13:58:30] Impossible: cross section area too large.
