INFO [2023-01-30 13:17:47] $x
INFO [2023-01-30 13:17:47] list(S1 = cnv_chr8_venn %>% filter(unique == "S1") %>% select(plot) %>% 
INFO [2023-01-30 13:17:47]     unlist(), L1 = cnv_chr8_venn %>% filter(unique == "L1") %>% 
INFO [2023-01-30 13:17:47]     select(plot) %>% unlist())
INFO [2023-01-30 13:17:47] 
INFO [2023-01-30 13:17:47] $category.names
INFO [2023-01-30 13:17:47] c("Both", "S1", "L1")
INFO [2023-01-30 13:17:47] 
INFO [2023-01-30 13:17:47] $filename
INFO [2023-01-30 13:17:47] [1] "figures/L1S1_genecontent.png"
INFO [2023-01-30 13:17:47] 
INFO [2023-01-30 13:17:47] $output
INFO [2023-01-30 13:17:47] [1] TRUE
INFO [2023-01-30 13:17:47] 
INFO [2023-01-30 13:17:47] $imagetype
INFO [2023-01-30 13:17:47] [1] "png"
INFO [2023-01-30 13:17:47] 
INFO [2023-01-30 13:17:47] $height
INFO [2023-01-30 13:17:47] [1] 480
INFO [2023-01-30 13:17:47] 
INFO [2023-01-30 13:17:47] $width
INFO [2023-01-30 13:17:47] [1] 480
INFO [2023-01-30 13:17:47] 
INFO [2023-01-30 13:17:47] $resolution
INFO [2023-01-30 13:17:47] [1] 300
INFO [2023-01-30 13:17:47] 
INFO [2023-01-30 13:17:47] $compression
INFO [2023-01-30 13:17:47] [1] "lzw"
INFO [2023-01-30 13:17:47] 
INFO [2023-01-30 13:17:47] $lwd
INFO [2023-01-30 13:17:47] [1] 1
INFO [2023-01-30 13:17:47] 
INFO [2023-01-30 13:17:47] $col
INFO [2023-01-30 13:17:47] c("#440154ff", "#21908dff")
INFO [2023-01-30 13:17:47] 
INFO [2023-01-30 13:17:47] $fill
INFO [2023-01-30 13:17:47] c(alpha("#440154ff", 0.3), alpha("#21908dff", 0.3))
INFO [2023-01-30 13:17:47] 
INFO [2023-01-30 13:17:47] $cex
INFO [2023-01-30 13:17:47] [1] 0.5
INFO [2023-01-30 13:17:47] 
INFO [2023-01-30 13:17:47] $fontfamily
INFO [2023-01-30 13:17:47] [1] "sans"
INFO [2023-01-30 13:17:47] 
INFO [2023-01-30 13:17:47] $cat.cex
INFO [2023-01-30 13:17:47] [1] 0.3
INFO [2023-01-30 13:17:47] 
INFO [2023-01-30 13:17:47] $cat.default.pos
INFO [2023-01-30 13:17:47] [1] "outer"
INFO [2023-01-30 13:17:47] 
INFO [2023-01-30 13:17:47] $cat.pos
INFO [2023-01-30 13:17:47] c(-27, 27, 135)
INFO [2023-01-30 13:17:47] 
INFO [2023-01-30 13:17:47] $cat.dist
INFO [2023-01-30 13:17:47] c(0.055, 0.055, 0.085)
INFO [2023-01-30 13:17:47] 
INFO [2023-01-30 13:17:47] $cat.fontfamily
INFO [2023-01-30 13:17:47] [1] "sans"
INFO [2023-01-30 13:17:47] 
INFO [2023-01-30 13:17:47] $cat.col
INFO [2023-01-30 13:17:47] c("#440154ff", "#21908dff")
INFO [2023-01-30 13:17:47] 
INFO [2023-01-30 13:17:47] $rotation
INFO [2023-01-30 13:17:47] [1] 1
INFO [2023-01-30 13:17:47] 
